0 info it worked if it ends with ok
1 verbose cli [ 'E:\\DevelopSoftware\\WebDevelop\\Nodejs\\nodejsv4\\node.exe',
1 verbose cli   'C:\\Users\\QBoooogle\\AppData\\Roaming\\npm\\node_modules\\npm\\bin\\npm-cli.js',
1 verbose cli   'start' ]
2 info using npm@3.10.5
3 info using node@v4.4.4
4 verbose run-script [ 'prestart', 'start', 'poststart' ]
5 info lifecycle webchat@0.0.0~prestart: webchat@0.0.0
6 silly lifecycle webchat@0.0.0~prestart: no script for prestart, continuing
7 info lifecycle webchat@0.0.0~start: webchat@0.0.0
8 verbose lifecycle webchat@0.0.0~start: unsafe-perm in lifecycle true
9 verbose lifecycle webchat@0.0.0~start: PATH: C:\Users\QBoooogle\AppData\Roaming\npm\node_modules\npm\bin\node-gyp-bin;C:\Users\QBoooogle\Desktop\webchat\node_modules\.bin;E:\DevelopSoftware\WebDevelop\Nodejs\nodejsv4;C:\Users\QBoooogle\AppData\Roaming\npm;E:\DevelopSoftware\WebDevelop\Nodejs\nodejsv4\;C:\WINDOWS\system32;C:\WINDOWS;C:\WINDOWS\System32\Wbem;C:\WINDOWS\System32\WindowsPowerShell\v1.0\;C:\Program Files (x86)\Windows Kits\10\Windows Performance Toolkit\;E:\DevelopSoftware\git\Git\cmd;C:\Program Files\Microsoft SQL Server\Client SDK\ODBC\110\Tools\Binn\;C:\Program Files (x86)\Microsoft SQL Server\120\Tools\Binn\;C:\Program Files\Microsoft SQL Server\120\Tools\Binn\;C:\Program Files\Microsoft SQL Server\120\DTS\Binn\;E:\DevelopSoftware\Python\;C:\Program Files (x86)\GtkSharp\2.12\bin;E:\DevelopSoftware\WebDevelop\Nodejs\nodejsv4\;C:\Users\QBoooogle\AppData\Roaming\npm
10 verbose lifecycle webchat@0.0.0~start: CWD: C:\Users\QBoooogle\Desktop\webchat
11 silly lifecycle webchat@0.0.0~start: Args: [ '/d /s /c', 'node ./bin/www' ]
12 silly lifecycle webchat@0.0.0~start: Returned: code: 1  signal: null
13 info lifecycle webchat@0.0.0~start: Failed to exec start script
14 verbose stack Error: webchat@0.0.0 start: `node ./bin/www`
14 verbose stack Exit status 1
14 verbose stack     at EventEmitter.<anonymous> (C:\Users\QBoooogle\AppData\Roaming\npm\node_modules\npm\lib\utils\lifecycle.js:242:16)
14 verbose stack     at emitTwo (events.js:87:13)
14 verbose stack     at EventEmitter.emit (events.js:172:7)
14 verbose stack     at ChildProcess.<anonymous> (C:\Users\QBoooogle\AppData\Roaming\npm\node_modules\npm\lib\utils\spawn.js:40:14)
14 verbose stack     at emitTwo (events.js:87:13)
14 verbose stack     at ChildProcess.emit (events.js:172:7)
14 verbose stack     at maybeClose (internal/child_process.js:827:16)
14 verbose stack     at Process.ChildProcess._handle.onexit (internal/child_process.js:211:5)
15 verbose pkgid webchat@0.0.0
16 verbose cwd C:\Users\QBoooogle\Desktop\webchat
17 error Windows_NT 10.0.10586
18 error argv "E:\\DevelopSoftware\\WebDevelop\\Nodejs\\nodejsv4\\node.exe" "C:\\Users\\QBoooogle\\AppData\\Roaming\\npm\\node_modules\\npm\\bin\\npm-cli.js" "start"
19 error node v4.4.4
20 error npm  v3.10.5
21 error code ELIFECYCLE
22 error webchat@0.0.0 start: `node ./bin/www`
22 error Exit status 1
23 error Failed at the webchat@0.0.0 start script 'node ./bin/www'.
23 error Make sure you have the latest version of node.js and npm installed.
23 error If you do, this is most likely a problem with the webchat package,
23 error not with npm itself.
23 error Tell the author that this fails on your system:
23 error     node ./bin/www
23 error You can get information on how to open an issue for this project with:
23 error     npm bugs webchat
23 error Or if that isn't available, you can get their info via:
23 error     npm owner ls webchat
23 error There is likely additional logging output above.
24 verbose exit [ 1, true ]
